<?xml version="1.0" encoding="UTF-8"?>
<testsuite name="AntlrCalculatorParcerTest" tests="2" skipped="0" failures="0" errors="0" timestamp="2022-11-29T20:48:32" hostname="fuji" time="1.152">
  <properties/>
  <testcase name="parserTestsWithotException()" classname="AntlrCalculatorParcerTest" time="1.029"/>
  <testcase name="parserTestsWithException()" classname="AntlrCalculatorParcerTest" time="0.122"/>
  <system-out><![CDATA[2022-11-29 23:48:33,081 Test worker DEBUG Apache Log4j Core 2.19.0 initializing configuration XmlConfiguration[location=/home/hanza/IdeaProjects/BasicAntlrCalculator/build/resources/main/log4j2.xml]
2022-11-29 23:48:33,090 Test worker DEBUG Took 0.003353 seconds to load 0 plugins from package org.apache.logging.log4j.test
2022-11-29 23:48:33,091 Test worker DEBUG PluginManager 'Core' found 130 plugins
2022-11-29 23:48:33,092 Test worker DEBUG PluginManager 'Level' found 0 plugins
2022-11-29 23:48:33,097 Test worker DEBUG PluginManager 'Lookup' found 16 plugins
2022-11-29 23:48:33,099 Test worker DEBUG Building Plugin[name=filter, class=org.apache.logging.log4j.core.filter.ThresholdFilter].
2022-11-29 23:48:33,108 Test worker DEBUG PluginManager 'TypeConverter' found 26 plugins
2022-11-29 23:48:33,114 Test worker DEBUG createFilter(level="TRACE", onMatch="null", onMismatch="null")
2022-11-29 23:48:33,115 Test worker DEBUG Building Plugin[name=layout, class=org.apache.logging.log4j.core.layout.PatternLayout].
2022-11-29 23:48:33,124 Test worker DEBUG PatternLayout$Builder(pattern="%m %n", PatternSelector=null, Configuration(XMLConfigTest), Replace=null, charset="null", alwaysWriteExceptions="null", disableAnsi="null", noConsoleNoAnsi="null", header="null", footer="null")
2022-11-29 23:48:33,125 Test worker DEBUG PluginManager 'Converter' found 45 plugins
2022-11-29 23:48:33,126 Test worker DEBUG Building Plugin[name=appender, class=org.apache.logging.log4j.core.appender.ConsoleAppender].
2022-11-29 23:48:33,133 Test worker DEBUG ConsoleAppender$Builder(target="null", follow="null", direct="null", bufferedIo="null", bufferSize="null", immediateFlush="null", ignoreExceptions="null", PatternLayout(%m %n), name="STDOUT", Configuration(XMLConfigTest), Filter=null, ={})
2022-11-29 23:48:33,137 Test worker DEBUG Starting OutputStreamManager SYSTEM_OUT.false.false
2022-11-29 23:48:33,138 Test worker DEBUG Building Plugin[name=layout, class=org.apache.logging.log4j.core.layout.PatternLayout].
2022-11-29 23:48:33,139 Test worker DEBUG PatternLayout$Builder(pattern="%d %p %c{1.} [%t] %m%n", PatternSelector=null, Configuration(XMLConfigTest), Replace=null, charset="null", alwaysWriteExceptions="null", disableAnsi="null", noConsoleNoAnsi="null", header="null", footer="null")
2022-11-29 23:48:33,149 Test worker DEBUG Building Plugin[name=TimeBasedTriggeringPolicy, class=org.apache.logging.log4j.core.appender.rolling.TimeBasedTriggeringPolicy].
2022-11-29 23:48:33,152 Test worker DEBUG TimeBasedTriggeringPolicy$Builder(interval="1", modulate="null", maxRandomDelay="null")
2022-11-29 23:48:33,153 Test worker DEBUG Building Plugin[name=SizeBasedTriggeringPolicy, class=org.apache.logging.log4j.core.appender.rolling.SizeBasedTriggeringPolicy].
2022-11-29 23:48:33,154 Test worker DEBUG createPolicy(size="250 MB")
2022-11-29 23:48:33,156 Test worker DEBUG Building Plugin[name=Policies, class=org.apache.logging.log4j.core.appender.rolling.CompositeTriggeringPolicy].
2022-11-29 23:48:33,157 Test worker DEBUG createPolicy(={TimeBasedTriggeringPolicy(nextRolloverMillis=0, interval=1, modulate=false), SizeBasedTriggeringPolicy(size=262144000)})
2022-11-29 23:48:33,158 Test worker DEBUG Building Plugin[name=appender, class=org.apache.logging.log4j.core.appender.RollingFileAppender].
2022-11-29 23:48:33,161 Test worker DEBUG RollingFileAppender$Builder(fileName="logs/log4j2.log", filePattern="logs/${date:yyyy-MM}/app-%d{MM-dd-yyyy}-%i.log.gz", append="null", locking="null", Policies(CompositeTriggeringPolicy(policies=[TimeBasedTriggeringPolicy(nextRolloverMillis=0, interval=1, modulate=false), SizeBasedTriggeringPolicy(size=262144000)])), Strategy=null, advertise="null", advertiseUri="null", createOnDemand="null", filePermissions="null", fileOwner="null", fileGroup="null", bufferedIo="null", bufferSize="null", immediateFlush="null", ignoreExceptions="null", PatternLayout(%d %p %c{1.} [%t] %m%n), name="rollingFile", Configuration(XMLConfigTest), Filter=null, ={})
2022-11-29 23:48:33,168 Test worker DEBUG Returning file creation time for /home/hanza/IdeaProjects/BasicAntlrCalculator/logs/log4j2.log
2022-11-29 23:48:33,168 Test worker DEBUG Starting RollingFileManager logs/log4j2.log
2022-11-29 23:48:33,170 Test worker DEBUG PluginManager 'FileConverter' found 2 plugins
2022-11-29 23:48:33,174 Test worker DEBUG Setting prev file time to 2022-11-29T23:46:57.702+0300
2022-11-29 23:48:33,174 Test worker DEBUG Initializing triggering policy CompositeTriggeringPolicy(policies=[TimeBasedTriggeringPolicy(nextRolloverMillis=0, interval=1, modulate=false), SizeBasedTriggeringPolicy(size=262144000)])
2022-11-29 23:48:33,175 Test worker DEBUG Initializing triggering policy TimeBasedTriggeringPolicy(nextRolloverMillis=0, interval=1, modulate=false)
2022-11-29 23:48:33,176 Test worker DEBUG Initializing triggering policy SizeBasedTriggeringPolicy(size=262144000)
2022-11-29 23:48:33,177 Test worker DEBUG Building Plugin[name=appenders, class=org.apache.logging.log4j.core.config.AppendersPlugin].
2022-11-29 23:48:33,177 Test worker DEBUG createAppenders(={STDOUT, rollingFile})
2022-11-29 23:48:33,178 Test worker DEBUG Building Plugin[name=AppenderRef, class=org.apache.logging.log4j.core.config.AppenderRef].
2022-11-29 23:48:33,179 Test worker DEBUG createAppenderRef(ref="STDOUT", level="null", Filter=null)
2022-11-29 23:48:33,179 Test worker DEBUG Building Plugin[name=AppenderRef, class=org.apache.logging.log4j.core.config.AppenderRef].
2022-11-29 23:48:33,180 Test worker DEBUG createAppenderRef(ref="rollingFile", level="null", Filter=null)
2022-11-29 23:48:33,181 Test worker DEBUG Building Plugin[name=root, class=org.apache.logging.log4j.core.config.LoggerConfig$RootLogger].
2022-11-29 23:48:33,184 Test worker DEBUG LoggerConfig$RootLogger$Builder(additivity="null", level="INFO", levelAndRefs="null", includeLocation="null", ={STDOUT, rollingFile}, ={}, Configuration(XMLConfigTest), Filter=null)
2022-11-29 23:48:33,186 Test worker DEBUG Building Plugin[name=loggers, class=org.apache.logging.log4j.core.config.LoggersPlugin].
2022-11-29 23:48:33,187 Test worker DEBUG createLoggers(={root})
2022-11-29 23:48:33,188 Test worker DEBUG Configuration XmlConfiguration[location=/home/hanza/IdeaProjects/BasicAntlrCalculator/build/resources/main/log4j2.xml] initialized
2022-11-29 23:48:33,188 Test worker DEBUG Starting configuration XmlConfiguration[location=/home/hanza/IdeaProjects/BasicAntlrCalculator/build/resources/main/log4j2.xml]
2022-11-29 23:48:33,188 Test worker DEBUG Started configuration XmlConfiguration[location=/home/hanza/IdeaProjects/BasicAntlrCalculator/build/resources/main/log4j2.xml] OK.
2022-11-29 23:48:33,189 Test worker DEBUG Shutting down OutputStreamManager SYSTEM_OUT.false.false-1
2022-11-29 23:48:33,190 Test worker DEBUG OutputStream closed
2022-11-29 23:48:33,190 Test worker DEBUG Shut down OutputStreamManager SYSTEM_OUT.false.false-1, all resources released: true
2022-11-29 23:48:33,191 Test worker DEBUG Appender DefaultConsole-1 stopped with status true
2022-11-29 23:48:33,191 Test worker DEBUG Stopped org.apache.logging.log4j.core.config.DefaultConfiguration@32c726ee OK
2022-11-29 23:48:33,269 Test worker DEBUG Registering MBean org.apache.logging.log4j2:type=5ffd2b27
2022-11-29 23:48:33,272 Test worker DEBUG Registering MBean org.apache.logging.log4j2:type=5ffd2b27,component=StatusLogger
2022-11-29 23:48:33,274 Test worker DEBUG Registering MBean org.apache.logging.log4j2:type=5ffd2b27,component=ContextSelector
2022-11-29 23:48:33,276 Test worker DEBUG Registering MBean org.apache.logging.log4j2:type=5ffd2b27,component=Loggers,name=
2022-11-29 23:48:33,277 Test worker DEBUG Registering MBean org.apache.logging.log4j2:type=5ffd2b27,component=Appenders,name=rollingFile
2022-11-29 23:48:33,278 Test worker DEBUG Registering MBean org.apache.logging.log4j2:type=5ffd2b27,component=Appenders,name=STDOUT
2022-11-29 23:48:33,280 Test worker DEBUG org.apache.logging.log4j.core.util.SystemClock supports precise timestamps.
2022-11-29 23:48:33,281 Test worker DEBUG Reconfiguration complete for context[name=5ffd2b27] at URI /home/hanza/IdeaProjects/BasicAntlrCalculator/build/resources/main/log4j2.xml (org.apache.logging.log4j.core.LoggerContext@25ddbbbb) with optional ClassLoader: null
2022-11-29 23:48:33,282 Test worker DEBUG Shutdown hook enabled. Registering a new one.
2022-11-29 23:48:33,284 Test worker DEBUG LoggerContext[name=5ffd2b27, org.apache.logging.log4j.core.LoggerContext@25ddbbbb] started OK.
parse tree: (calculation (expression (expression (number 2)) * (expression (number 2))) <EOF>) 
parse tree: (calculation (expression (expression (number 2)) / (expression (number 2))) <EOF>) 
parse tree: (calculation (expression (expression (number 2)) + (expression (number 2))) <EOF>) 
parse tree: (calculation (expression (expression (number 2)) - (expression (number 2))) <EOF>) 
parse tree: (calculation (expression (expression ( (expression (expression (number 2)) + (expression (number 2))) )) * (expression (number 2))) <EOF>) 
parse tree: (calculation (expression (expression ( (expression (expression (number 2)) + (expression (number 2))) )) * (expression ( (expression (expression (number 2)) / (expression (number 2))) ))) <EOF>) 
parse tree: (calculation (expression (expression ( (expression (expression ( (expression (expression (number 2)) + (expression (number 2))) )) * (expression ( (expression (expression (number 2)) / (expression (number 2))) ))) )) - (expression (number 2))) <EOF>) 
parse tree: (calculation (expression (expression ( (expression (expression (expression (number 2)) ^ (expression (number 2))) * (expression ( (expression (expression (number 2)) / (expression (number 2))) ))) )) - (expression (number 2))) <EOF>) 
Syntax error position in line 1:3 extraneous input '*' expecting {SNUMBER, '('} 
Syntax error position in line 1:10 missing ')' at '<EOF>' 
Syntax error position in line 1:2 message token recognition error at: '=' 
Syntax error position in line 1:2 message token recognition error at: '>' 
Syntax error position in line 1:3 message token recognition error at: '>' 
Syntax error position in line 1:2 message token recognition error at: '<' 
Syntax error position in line 1:6 message token recognition error at: '=' 
Syntax error position in line 1:15 extraneous input ')' expecting {<EOF>, SNUMBER, '('} 
]]></system-out>
  <system-err><![CDATA[line 1:3 extraneous input '*' expecting {SNUMBER, '('}
line 1:10 missing ')' at '<EOF>'
line 1:2 token recognition error at: '='
line 1:2 token recognition error at: '>'
line 1:3 token recognition error at: '>'
line 1:2 token recognition error at: '<'
line 1:6 token recognition error at: '='
line 1:15 extraneous input ')' expecting {<EOF>, SNUMBER, '('}
]]></system-err>
</testsuite>
