<?xml version="1.0" encoding="UTF-8"?>
<testsuite name="CalculatorTest" tests="1" skipped="0" failures="0" errors="0" timestamp="2022-12-13T20:20:20" hostname="fuji" time="0.368">
  <properties/>
  <testcase name="simpleTest()" classname="CalculatorTest" time="0.368"/>
  <system-out><![CDATA[23:20:20.736 [Test worker] INFO  parser.CalculatorExpressionParser MDC= - parse tree: (calculation (expression (expression (number 1)) + (expression (number 1))) <EOF>)
23:20:20.750 [Test worker] INFO  p.listener.CalculatorWalkerListener MDC= - result: 2.0
23:20:20.751 [Test worker] INFO  parser.CalculatorExpressionParser MDC= - parse tree: (calculation (expression (number 2.0)) <EOF>)
23:20:20.763 [Test worker] INFO  parser.CalculatorExpressionParser MDC= - parse tree: (calculation (expression (expression (paren_expression ( (expression (expression (number 1)) + (expression (number 1))) ))) / (expression (number 2))) <EOF>)
23:20:20.764 [Test worker] INFO  p.listener.CalculatorWalkerListener MDC= - result: 1.0
23:20:20.764 [Test worker] INFO  parser.CalculatorExpressionParser MDC= - parse tree: (calculation (expression (number 1.0)) <EOF>)
23:20:20.769 [Test worker] INFO  parser.CalculatorExpressionParser MDC= - parse tree: (calculation (expression (paren_expression ( (expression (expression (number 1)) + (expression (number 1))) )) * (paren_expression ( (expression (expression (number 1)) + (expression (number 1))) ))) <EOF>)
23:20:20.770 [Test worker] INFO  p.listener.CalculatorWalkerListener MDC= - result: 4.0<EOF>
23:20:20.770 [Test worker] INFO  parser.CalculatorExpressionParser MDC= - parse tree: (calculation (expression (number 4.0)) <EOF>)
23:20:20.778 [Test worker] INFO  parser.CalculatorExpressionParser MDC= - parse tree: (calculation (expression (expression (paren_expression ( (expression (expression (paren_expression ( (expression (expression (number 1)) + (expression (number 1))) )) * (paren_expression ( (expression (expression (number 1)) + (expression (number 1))) ))) + (expression (paren_expression ( (expression (expression (number 1)) + (expression (number 1))) )))) ))) / (expression (number 2))) <EOF>)
23:20:20.779 [Test worker] INFO  p.listener.CalculatorWalkerListener MDC= - result: 3.0
23:20:20.780 [Test worker] INFO  parser.CalculatorExpressionParser MDC= - parse tree: (calculation (expression (number 3.0)) <EOF>)
23:20:20.785 [Test worker] INFO  parser.CalculatorExpressionParser MDC= - parse tree: (calculation (expression (expression (expression (paren_expression ( (expression (expression (number 1)) + (expression (number 1))) )) * (paren_expression ( (expression (expression (number 1)) + (expression (number 1))) ))) + (expression (paren_expression ( (expression (expression (number 1)) + (expression (number 1))) )) * (paren_expression ( (expression (expression (number 1)) + (expression (number 1))) )))) + (expression (number 1))) <EOF>)
23:20:20.785 [Test worker] INFO  p.listener.CalculatorWalkerListener MDC= - result: 9.0
23:20:20.786 [Test worker] INFO  parser.CalculatorExpressionParser MDC= - parse tree: (calculation (expression (number 9.0)) <EOF>)
23:20:20.793 [Test worker] INFO  parser.CalculatorExpressionParser MDC= - parse tree: (calculation (expression (paren_expression ( (expression (expression (paren_expression ( (expression (expression (number 1)) + (expression (number 1))) )) * (paren_expression ( (expression (expression (number 1)) + (expression (number 1))) ))) + (expression (paren_expression ( (expression (expression (number 1)) + (expression (number 1))) )))) )) + (paren_expression ( (expression (expression (paren_expression ( (expression (expression (number 1)) + (expression (number 1))) ))) + (expression (number 1))) ))) <EOF>)
23:20:20.794 [Test worker] INFO  p.listener.CalculatorWalkerListener MDC= - result: 9.0<EOF>
23:20:20.794 [Test worker] INFO  parser.CalculatorExpressionParser MDC= - parse tree: (calculation (expression (number 9.0)) <EOF>)
]]></system-out>
  <system-err><![CDATA[]]></system-err>
</testsuite>
